# JRE version: OpenJDK Runtime Environment (23.0.2+7) (build 23.0.2+7-58)
# Java VM: OpenJDK 64-Bit Server VM (23.0.2+7-58, mixed mode, sharing, tiered, compressed oops, compressed class ptrs, g1 gc, windows-amd64)
GC Precious Log:
 CardTable entry size: 512
 Card Set container configuration: InlinePtr #cards 5 size 8 Array Of Cards #cards 10 size 36 Howl #buckets 4 coarsen threshold 1843 Howl Bitmap #cards 512 size 80 coarsen threshold 460 Card regions per heap region 1 cards per card region 2048
 CPUs: 8 total, 8 available
 Memory: 8099M
 Large Page Support: Disabled
 NUMA Support: Disabled
 Compressed Oops: Enabled (32-bit)
 Heap Region Size: 1M
 Heap Min Capacity: 8M
 Heap Initial Capacity: 128M
 Heap Max Capacity: 2026M
 Pre-touch: Disabled
 Parallel Workers: 8
 Concurrent Workers: 2
 Concurrent Refinement Workers: 8
 Periodic GC: Disabled
Heap:
 garbage-first heap   total reserved 2074624K, committed 48128K, used 40947K [0x0000000081600000, 0x0000000100000000)
  region size 1024K, 15 young (15360K), 2 survivors (2048K)
 Metaspace       used 67887K, committed 68544K, reserved 1114112K
  class space    used 9404K, committed 9664K, reserved 1048576K
GC Heap History (20 events):
Event: 2.485 GC heap after
{Heap after GC invocations=6 (full 0):
 garbage-first heap   total reserved 2074624K, committed 48128K, used 16828K [0x0000000081600000, 0x0000000100000000)
  region size 1024K, 2 young (2048K), 2 survivors (2048K)
 Metaspace       used 26942K, committed 27264K, reserved 1114112K
  class space    used 3506K, committed 3648K, reserved 1048576K
}
Event: 2.968 GC heap before
{Heap before GC invocations=6 (full 0):
 garbage-first heap   total reserved 2074624K, committed 48128K, used 37308K [0x0000000081600000, 0x0000000100000000)
  region size 1024K, 22 young (22528K), 2 survivors (2048K)
 Metaspace       used 30506K, committed 30976K, reserved 1114112K
  class space    used 4065K, committed 4288K, reserved 1048576K
}
Event: 2.971 GC heap after
{Heap after GC invocations=7 (full 0):
 garbage-first heap   total reserved 2074624K, committed 48128K, used 18753K [0x0000000081600000, 0x0000000100000000)
  region size 1024K, 3 young (3072K), 3 survivors (3072K)
 Metaspace       used 30506K, committed 30976K, reserved 1114112K
  class space    used 4065K, committed 4288K, reserved 1048576K
}
Event: 3.306 GC heap before
{Heap before GC invocations=7 (full 0):
 garbage-first heap   total reserved 2074624K, committed 48128K, used 37185K [0x0000000081600000, 0x0000000100000000)
  region size 1024K, 22 young (22528K), 3 survivors (3072K)
 Metaspace       used 33583K, committed 34048K, reserved 1114112K
  class space    used 4430K, committed 4608K, reserved 1048576K
}
Event: 3.310 GC heap after
{Heap after GC invocations=8 (full 0):
 garbage-first heap   total reserved 2074624K, committed 48128K, used 20317K [0x0000000081600000, 0x0000000100000000)
  region size 1024K, 2 young (2048K), 2 survivors (2048K)
 Metaspace       used 33583K, committed 34048K, reserved 1114112K
  class space    used 4430K, committed 4608K, reserved 1048576K
}
Event: 3.522 GC heap before
{Heap before GC invocations=8 (full 0):
 garbage-first heap   total reserved 2074624K, committed 48128K, used 29533K [0x0000000081600000, 0x0000000100000000)
  region size 1024K, 12 young (12288K), 2 survivors (2048K)
 Metaspace       used 35692K, committed 36160K, reserved 1114112K
  class space    used 4736K, committed 4928K, reserved 1048576K
}
Event: 3.524 GC heap after
{Heap after GC invocations=9 (full 0):
 garbage-first heap   total reserved 2074624K, committed 48128K, used 20724K [0x0000000081600000, 0x0000000100000000)
  region size 1024K, 2 young (2048K), 2 survivors (2048K)
 Metaspace       used 35692K, committed 36160K, reserved 1114112K
  class space    used 4736K, committed 4928K, reserved 1048576K
}
Event: 4.308 GC heap before
{Heap before GC invocations=10 (full 0):
 garbage-first heap   total reserved 2074624K, committed 48128K, used 40180K [0x0000000081600000, 0x0000000100000000)
  region size 1024K, 21 young (21504K), 2 survivors (2048K)
 Metaspace       used 43990K, committed 44608K, reserved 1114112K
  class space    used 5723K, committed 6016K, reserved 1048576K
}
Event: 4.312 GC heap after
{Heap after GC invocations=11 (full 0):
 garbage-first heap   total reserved 2074624K, committed 48128K, used 23254K [0x0000000081600000, 0x0000000100000000)
  region size 1024K, 3 young (3072K), 3 survivors (3072K)
 Metaspace       used 43990K, committed 44608K, reserved 1114112K
  class space    used 5723K, committed 6016K, reserved 1048576K
}
Event: 4.735 GC heap before
{Heap before GC invocations=11 (full 0):
 garbage-first heap   total reserved 2074624K, committed 48128K, used 40662K [0x0000000081600000, 0x0000000100000000)
  region size 1024K, 21 young (21504K), 3 survivors (3072K)
 Metaspace       used 48707K, committed 49344K, reserved 1114112K
  class space    used 6410K, committed 6656K, reserved 1048576K
}
Event: 4.739 GC heap after
{Heap after GC invocations=12 (full 0):
 garbage-first heap   total reserved 2074624K, committed 48128K, used 24509K [0x0000000081600000, 0x0000000100000000)
  region size 1024K, 2 young (2048K), 2 survivors (2048K)
 Metaspace       used 48707K, committed 49344K, reserved 1114112K
  class space    used 6410K, committed 6656K, reserved 1048576K
}
Event: 5.032 GC heap before
{Heap before GC invocations=12 (full 0):
 garbage-first heap   total reserved 2074624K, committed 48128K, used 41917K [0x0000000081600000, 0x0000000100000000)
  region size 1024K, 19 young (19456K), 2 survivors (2048K)
 Metaspace       used 53188K, committed 53824K, reserved 1114112K
  class space    used 7170K, committed 7424K, reserved 1048576K
}
Event: 5.035 GC heap after
{Heap after GC invocations=13 (full 0):
 garbage-first heap   total reserved 2074624K, committed 48128K, used 25339K [0x0000000081600000, 0x0000000100000000)
  region size 1024K, 3 young (3072K), 3 survivors (3072K)
 Metaspace       used 53188K, committed 53824K, reserved 1114112K
  class space    used 7170K, committed 7424K, reserved 1048576K
}
Event: 5.344 GC heap before
{Heap before GC invocations=14 (full 0):
 garbage-first heap   total reserved 2074624K, committed 48128K, used 39675K [0x0000000081600000, 0x0000000100000000)
  region size 1024K, 18 young (18432K), 3 survivors (3072K)
 Metaspace       used 56942K, committed 57600K, reserved 1114112K
  class space    used 7655K, committed 7936K, reserved 1048576K
}
Event: 5.347 GC heap after
{Heap after GC invocations=15 (full 0):
 garbage-first heap   total reserved 2074624K, committed 48128K, used 26081K [0x0000000081600000, 0x0000000100000000)
  region size 1024K, 2 young (2048K), 2 survivors (2048K)
 Metaspace       used 56942K, committed 57600K, reserved 1114112K
  class space    used 7655K, committed 7936K, reserved 1048576K
}
Event: 5.649 GC heap before
{Heap before GC invocations=15 (full 0):
 garbage-first heap   total reserved 2074624K, committed 48128K, used 41441K [0x0000000081600000, 0x0000000100000000)
  region size 1024K, 18 young (18432K), 2 survivors (2048K)
 Metaspace       used 62416K, committed 63040K, reserved 1114112K
  class space    used 8589K, committed 8832K, reserved 1048576K
}
Event: 5.652 GC heap after
{Heap after GC invocations=16 (full 0):
 garbage-first heap   total reserved 2074624K, committed 48128K, used 26458K [0x0000000081600000, 0x0000000100000000)
  region size 1024K, 3 young (3072K), 3 survivors (3072K)
 Metaspace       used 62416K, committed 63040K, reserved 1114112K
  class space    used 8589K, committed 8832K, reserved 1048576K
}
Event: 5.877 GC heap before
{Heap before GC invocations=16 (full 0):
 garbage-first heap   total reserved 2074624K, committed 48128K, used 39770K [0x0000000081600000, 0x0000000100000000)
  region size 1024K, 17 young (17408K), 3 survivors (3072K)
 Metaspace       used 65661K, committed 66368K, reserved 1114112K
  class space    used 9043K, committed 9344K, reserved 1048576K
}
Event: 5.881 GC heap after
{Heap after GC invocations=17 (full 0):
 garbage-first heap   total reserved 2074624K, committed 48128K, used 27635K [0x0000000081600000, 0x0000000100000000)
  region size 1024K, 3 young (3072K), 3 survivors (3072K)
 Metaspace       used 65661K, committed 66368K, reserved 1114112K
  class space    used 9043K, committed 9344K, reserved 1048576K
}
Event: 6.188 GC heap before
{Heap before GC invocations=18 (full 0):
 garbage-first heap   total reserved 2074624K, committed 48128K, used 40947K [0x0000000081600000, 0x0000000100000000)
  region size 1024K, 16 young (16384K), 3 survivors (3072K)
 Metaspace       used 67887K, committed 68544K, reserved 1114112K
  class space    used 9404K, committed 9664K, reserved 1048576K
}

